<?xml version="1.0" encoding="utf-8"?><testsuites><testsuite name="pytest" errors="0" failures="0" skipped="0" tests="4" time="0.073" timestamp="2023-09-14T19:59:47.297225" hostname="Guilherme-PC"><testcase classname="tests.test_bytebank.Testes" name="test_passando_a_data_13_08_2000_deve_retornar_23" time="0.002" /><testcase classname="tests.test_bytebank.Testes" name="test_passado_um_decrescimo_salario_de_100000_deve_retornar_90000" time="0.001" /><testcase classname="tests.test_bytebank.Testes" name="test_salario_1000_deve_receber_um_bonus_de_100" time="0.001" /><testcase classname="tests.test_bytebank.Testes" name="test_salario_alto_deve_retornar_erro_ao_receber_bonus" time="0.001" /></testsuite></testsuites>